<?xml version="1.0" encoding="UTF-8"?>
<trace:TraceModel
    xmi:version="2.0"
    xmlns:xmi="http://www.omg.org/XMI"
    xmlns:trace="http://www.eclipse.org/gmf/2006/Trace">
  <nodeTraces
      visualID="2001"
      queryText="(let _eClass_:ecore::EClass = modelFacet.metaClass.ecoreClass in _eClass_.ePackage.nsURI = 'platform:/resource/org.but4reuse.archmodel.synthesis/model/productlineadl.ecore' and _eClass_.name = 'Feature') and (let _containmentMF_:ecore::EStructuralFeature = modelFacet.containmentMetaFeature.ecoreFeature in (let _eClass_:ecore::EClass = _containmentMF_.eContainingClass in _eClass_.ePackage.nsURI = 'platform:/resource/org.but4reuse.archmodel.synthesis/model/productlineadl.ecore' and _eClass_.name = 'ProductLineArchitecture') and _containmentMF_.name = 'features')">
    <nodeLabelTraces
        visualID="5003"
        queryText="true"/>
  </nodeTraces>
  <childNodeTraces
      visualID="3001"
      queryText="(let _eClass_:ecore::EClass = modelFacet.metaClass.ecoreClass in _eClass_.ePackage.nsURI = 'platform:/resource/org.but4reuse.archmodel.synthesis/model/productlineadl.ecore' and _eClass_.name = 'CompositeElement') and (let _containmentMF_:ecore::EStructuralFeature = modelFacet.containmentMetaFeature.ecoreFeature in (let _eClass_:ecore::EClass = _containmentMF_.eContainingClass in _eClass_.ePackage.nsURI = 'platform:/resource/org.but4reuse.archmodel.synthesis/model/productlineadl.ecore' and _eClass_.name = 'Feature') and _containmentMF_.name = 'model')">
    <nodeLabelTraces
        visualID="5002"
        queryText="true"/>
  </childNodeTraces>
  <childNodeTraces
      visualID="3002"
      queryText="(let _eClass_:ecore::EClass = modelFacet.metaClass.ecoreClass in _eClass_.ePackage.nsURI = 'platform:/resource/org.but4reuse.archmodel.synthesis/model/productlineadl.ecore' and _eClass_.name = 'PluginElement') and (let _containmentMF_:ecore::EStructuralFeature = modelFacet.containmentMetaFeature.ecoreFeature in (let _eClass_:ecore::EClass = _containmentMF_.eContainingClass in _eClass_.ePackage.nsURI = 'platform:/resource/org.but4reuse.archmodel.synthesis/model/productlineadl.ecore' and _eClass_.name = 'CompositeElement') and _containmentMF_.name = 'components')">
    <nodeLabelTraces
        visualID="5001"
        queryText="true"/>
  </childNodeTraces>
  <childNodeTraces
      visualID="3003"
      queryText="(let _eClass_:ecore::EClass = modelFacet.metaClass.ecoreClass in _eClass_.ePackage.nsURI = 'platform:/resource/org.but4reuse.archmodel.synthesis/model/productlineadl.ecore' and _eClass_.name = 'ExtensionElement') and (let _containmentMF_:ecore::EStructuralFeature = modelFacet.containmentMetaFeature.ecoreFeature in (let _eClass_:ecore::EClass = _containmentMF_.eContainingClass in _eClass_.ePackage.nsURI = 'platform:/resource/org.but4reuse.archmodel.synthesis/model/productlineadl.ecore' and _eClass_.name = 'PluginElement') and _containmentMF_.name = 'extensions')"/>
  <childNodeTraces
      visualID="3004"
      queryText="(let _eClass_:ecore::EClass = modelFacet.metaClass.ecoreClass in _eClass_.ePackage.nsURI = 'platform:/resource/org.but4reuse.archmodel.synthesis/model/productlineadl.ecore' and _eClass_.name = 'ExtensionPointElement') and (let _containmentMF_:ecore::EStructuralFeature = modelFacet.containmentMetaFeature.ecoreFeature in (let _eClass_:ecore::EClass = _containmentMF_.eContainingClass in _eClass_.ePackage.nsURI = 'platform:/resource/org.but4reuse.archmodel.synthesis/model/productlineadl.ecore' and _eClass_.name = 'PluginElement') and _containmentMF_.name = 'extensionPoints')"/>
  <childNodeTraces
      visualID="3005"
      queryText="(let _eClass_:ecore::EClass = modelFacet.metaClass.ecoreClass in _eClass_.ePackage.nsURI = 'platform:/resource/org.but4reuse.archmodel.synthesis/model/productlineadl.ecore' and _eClass_.name = 'ExportedPackageElement') and (let _containmentMF_:ecore::EStructuralFeature = modelFacet.containmentMetaFeature.ecoreFeature in (let _eClass_:ecore::EClass = _containmentMF_.eContainingClass in _eClass_.ePackage.nsURI = 'platform:/resource/org.but4reuse.archmodel.synthesis/model/productlineadl.ecore' and _eClass_.name = 'PluginElement') and _containmentMF_.name = 'export_packages')"/>
  <childNodeTraces
      visualID="3006"
      queryText="(let _eClass_:ecore::EClass = modelFacet.metaClass.ecoreClass in _eClass_.ePackage.nsURI = 'platform:/resource/org.but4reuse.archmodel.synthesis/model/productlineadl.ecore' and _eClass_.name = 'ImportedPackageElement') and (let _containmentMF_:ecore::EStructuralFeature = modelFacet.containmentMetaFeature.ecoreFeature in (let _eClass_:ecore::EClass = _containmentMF_.eContainingClass in _eClass_.ePackage.nsURI = 'platform:/resource/org.but4reuse.archmodel.synthesis/model/productlineadl.ecore' and _eClass_.name = 'PluginElement') and _containmentMF_.name = 'import_packages')"/>
  <childNodeTraces
      visualID="3007"
      queryText="(let _eClass_:ecore::EClass = modelFacet.metaClass.ecoreClass in _eClass_.ePackage.nsURI = 'platform:/resource/org.but4reuse.archmodel.synthesis/model/productlineadl.ecore' and _eClass_.name = 'ConsumedServiceElement') and (let _containmentMF_:ecore::EStructuralFeature = modelFacet.containmentMetaFeature.ecoreFeature in (let _eClass_:ecore::EClass = _containmentMF_.eContainingClass in _eClass_.ePackage.nsURI = 'platform:/resource/org.but4reuse.archmodel.synthesis/model/productlineadl.ecore' and _eClass_.name = 'PluginElement') and _containmentMF_.name = 'consumedServices')"/>
  <childNodeTraces
      visualID="3008"
      queryText="(let _eClass_:ecore::EClass = modelFacet.metaClass.ecoreClass in _eClass_.ePackage.nsURI = 'platform:/resource/org.but4reuse.archmodel.synthesis/model/productlineadl.ecore' and _eClass_.name = 'RegisteredServiceElement') and (let _containmentMF_:ecore::EStructuralFeature = modelFacet.containmentMetaFeature.ecoreFeature in (let _eClass_:ecore::EClass = _containmentMF_.eContainingClass in _eClass_.ePackage.nsURI = 'platform:/resource/org.but4reuse.archmodel.synthesis/model/productlineadl.ecore' and _eClass_.name = 'PluginElement') and _containmentMF_.name = 'registeredServices')"/>
  <childNodeTraces
      visualID="3009"
      queryText="(let _eClass_:ecore::EClass = modelFacet.metaClass.ecoreClass in _eClass_.ePackage.nsURI = 'platform:/resource/org.but4reuse.archmodel.synthesis/model/productlineadl.ecore' and _eClass_.name = 'RequiredInterfaceElement') and (let _containmentMF_:ecore::EStructuralFeature = modelFacet.containmentMetaFeature.ecoreFeature in (let _eClass_:ecore::EClass = _containmentMF_.eContainingClass in _eClass_.ePackage.nsURI = 'platform:/resource/org.but4reuse.archmodel.synthesis/model/productlineadl.ecore' and _eClass_.name = 'PluginElement') and _containmentMF_.name = 'requiredInterfaces')"/>
  <childNodeTraces
      visualID="3011"
      queryText="(let _eClass_:ecore::EClass = modelFacet.metaClass.ecoreClass in _eClass_.ePackage.nsURI = 'platform:/resource/org.but4reuse.archmodel.synthesis/model/productlineadl.ecore' and _eClass_.name = 'Opt') and (let _containmentMF_:ecore::EStructuralFeature = modelFacet.containmentMetaFeature.ecoreFeature in (let _eClass_:ecore::EClass = _containmentMF_.eContainingClass in _eClass_.ePackage.nsURI = 'platform:/resource/org.but4reuse.archmodel.synthesis/model/productlineadl.ecore' and _eClass_.name = 'Feature') and _containmentMF_.name = 'operator')"/>
  <childNodeTraces
      visualID="3012"
      queryText="(let _eClass_:ecore::EClass = modelFacet.metaClass.ecoreClass in _eClass_.ePackage.nsURI = 'platform:/resource/org.but4reuse.archmodel.synthesis/model/productlineadl.ecore' and _eClass_.name = 'Or') and (let _containmentMF_:ecore::EStructuralFeature = modelFacet.containmentMetaFeature.ecoreFeature in (let _eClass_:ecore::EClass = _containmentMF_.eContainingClass in _eClass_.ePackage.nsURI = 'platform:/resource/org.but4reuse.archmodel.synthesis/model/productlineadl.ecore' and _eClass_.name = 'Feature') and _containmentMF_.name = 'operator')"/>
  <childNodeTraces
      visualID="3013"
      queryText="(let _eClass_:ecore::EClass = modelFacet.metaClass.ecoreClass in _eClass_.ePackage.nsURI = 'platform:/resource/org.but4reuse.archmodel.synthesis/model/productlineadl.ecore' and _eClass_.name = 'And') and (let _containmentMF_:ecore::EStructuralFeature = modelFacet.containmentMetaFeature.ecoreFeature in (let _eClass_:ecore::EClass = _containmentMF_.eContainingClass in _eClass_.ePackage.nsURI = 'platform:/resource/org.but4reuse.archmodel.synthesis/model/productlineadl.ecore' and _eClass_.name = 'Feature') and _containmentMF_.name = 'operator')"/>
  <childNodeTraces
      visualID="3014"
      queryText="(let _eClass_:ecore::EClass = modelFacet.metaClass.ecoreClass in _eClass_.ePackage.nsURI = 'platform:/resource/org.but4reuse.archmodel.synthesis/model/productlineadl.ecore' and _eClass_.name = 'Xor') and (let _containmentMF_:ecore::EStructuralFeature = modelFacet.containmentMetaFeature.ecoreFeature in (let _eClass_:ecore::EClass = _containmentMF_.eContainingClass in _eClass_.ePackage.nsURI = 'platform:/resource/org.but4reuse.archmodel.synthesis/model/productlineadl.ecore' and _eClass_.name = 'Feature') and _containmentMF_.name = 'operator')"/>
  <childNodeTraces
      visualID="3015"
      queryText="(let _eClass_:ecore::EClass = modelFacet.metaClass.ecoreClass in _eClass_.ePackage.nsURI = 'platform:/resource/org.but4reuse.archmodel.synthesis/model/productlineadl.ecore' and _eClass_.name = 'ProvidedInterfaceElement') and (let _containmentMF_:ecore::EStructuralFeature = modelFacet.containmentMetaFeature.ecoreFeature in (let _eClass_:ecore::EClass = _containmentMF_.eContainingClass in _eClass_.ePackage.nsURI = 'platform:/resource/org.but4reuse.archmodel.synthesis/model/productlineadl.ecore' and _eClass_.name = 'PluginElement') and _containmentMF_.name = 'providedInterfaces')"/>
  <linkTraces
      visualID="4001"
      queryText="modelFacet.oclIsKindOf(gmfgen::TypeLinkModelFacet) and (let _eClass_:ecore::EClass = modelFacet.oclAsType(gmfgen::TypeLinkModelFacet).metaClass.ecoreClass in _eClass_.ePackage.nsURI = 'platform:/resource/org.but4reuse.archmodel.synthesis/model/productlineadl.ecore' and _eClass_.name = 'Edge')"/>
  <linkTraces
      visualID="4002"
      queryText="modelFacet.oclIsKindOf(gmfgen::TypeLinkModelFacet) and (let _eClass_:ecore::EClass = modelFacet.oclAsType(gmfgen::TypeLinkModelFacet).metaClass.ecoreClass in _eClass_.ePackage.nsURI = 'platform:/resource/org.but4reuse.archmodel.synthesis/model/productlineadl.ecore' and _eClass_.name = 'Connector')"/>
  <linkTraces
      visualID="4003"
      queryText="modelFacet.oclIsKindOf(gmfgen::TypeLinkModelFacet) and (let _eClass_:ecore::EClass = modelFacet.oclAsType(gmfgen::TypeLinkModelFacet).metaClass.ecoreClass in _eClass_.ePackage.nsURI = 'platform:/resource/org.but4reuse.archmodel.synthesis/model/productlineadl.ecore' and _eClass_.name = 'Mutex')"/>
  <linkTraces
      visualID="4004"
      queryText="modelFacet.oclIsKindOf(gmfgen::TypeLinkModelFacet) and (let _eClass_:ecore::EClass = modelFacet.oclAsType(gmfgen::TypeLinkModelFacet).metaClass.ecoreClass in _eClass_.ePackage.nsURI = 'platform:/resource/org.but4reuse.archmodel.synthesis/model/productlineadl.ecore' and _eClass_.name = 'Require')"/>
</trace:TraceModel>
